<?xml version="1.0" encoding="UTF-8"?>
<!-- Generated by org.testng.reporters.JUnitXMLReporter -->
<testsuite ignored="4" hostname="Admin" failures="0" tests="8" name="Test" time="0.067" errors="0" timestamp="2023-03-18T11:08:10 IST">
  <testcase classname="TestngPrograms.CreateCustomer" name="Sehwag" time="0.008"/>
  <testcase classname="TestngPrograms.CreateCustomer" name="Dhoni" time="0.001"/>
  <testcase classname="TestngPrograms.Chiku" name="Sehwag" time="0.001"/>
  <testcase classname="TestngPrograms.Chiku" name="Dhoni" time="0.002"/>
  <testcase classname="TestngPrograms.ModifyCustomer" name="Sehwag" time="0.002"/>
  <testcase classname="TestngPrograms.ModifyCustomer" name="Dhoni" time="0.001"/>
  <testcase classname="TestngPrograms.DeleteCustomer" name="Sehwag" time="0.003"/>
  <testcase classname="TestngPrograms.DeleteCustomer" name="Dhoni" time="0.001"/>
  <testcase classname="TestngPrograms.Chiku" name="Ashwin" time="0.0">
    <ignored/>
  </testcase> <!-- Ashwin -->
  <testcase classname="TestngPrograms.CreateCustomer" name="Ashwin" time="0.0">
    <ignored/>
  </testcase> <!-- Ashwin -->
  <testcase classname="TestngPrograms.DeleteCustomer" name="Ashwin" time="0.0">
    <ignored/>
  </testcase> <!-- Ashwin -->
  <testcase classname="TestngPrograms.ModifyCustomer" name="Ashwin" time="0.0">
    <ignored/>
  </testcase> <!-- Ashwin -->
</testsuite> <!-- Test -->
